
[2026-04-03T02:54:28.769381+00:00] [WARN] MATIC/USD has 0 bars from Alpaca; dropping from universe.
[2026-04-03T02:54:28.953437+00:00] Active universe: ['BTC/USD', 'ETH/USD', 'SOL/USD', 'DOGE/USD', 'AVAX/USD', 'LINK/USD', 'ADA/USD', 'UNI/USD', 'LTC/USD', 'XRP/USD']
[2026-04-03T02:54:29.446119+00:00] HTF trend BTC/USD: SMA50=66859.54, SMA200=67507.75
[2026-04-03T02:54:29.446426+00:00] BTC/USD HTF trend not OK; skip entry.
[2026-04-03T02:54:29.587278+00:00] HTF trend ETH/USD: SMA50=2057.78, SMA200=2090.7
[2026-04-03T02:54:29.587516+00:00] ETH/USD HTF trend not OK; skip entry.
[2026-04-03T02:54:29.733021+00:00] HTF trend SOL/USD: SMA50=79.06, SMA200=81.02
[2026-04-03T02:54:29.733446+00:00] SOL/USD HTF trend not OK; skip entry.
[2026-04-03T02:54:29.892818+00:00] HTF trend DOGE/USD: SMA50=0.09, SMA200=0.09
[2026-04-03T02:54:29.893086+00:00] DOGE/USD HTF trend not OK; skip entry.
[2026-04-03T02:54:30.037113+00:00] HTF trend AVAX/USD: SMA50=8.73, SMA200=8.93
[2026-04-03T02:54:30.037356+00:00] AVAX/USD HTF trend not OK; skip entry.
[2026-04-03T02:54:30.170786+00:00] HTF trend LINK/USD: SMA50=8.6, SMA200=8.76
[2026-04-03T02:54:30.171067+00:00] LINK/USD HTF trend not OK; skip entry.
[2026-04-03T02:54:30.288032+00:00] HTF trend ADA/USD: SMA50=0.24, SMA200=0.24
[2026-04-03T02:54:30.288268+00:00] ADA/USD HTF trend not OK; skip entry.
[2026-04-03T02:54:30.400099+00:00] HTF trend UNI/USD: SMA50=3.16, SMA200=3.42
[2026-04-03T02:54:30.400365+00:00] UNI/USD HTF trend not OK; skip entry.
[2026-04-03T02:54:30.526713+00:00] HTF trend LTC/USD: SMA50=52.08, SMA200=53.12
[2026-04-03T02:54:30.526978+00:00] LTC/USD HTF trend not OK; skip entry.
[2026-04-03T02:54:30.642680+00:00] HTF trend XRP/USD: SMA50=1.31, SMA200=1.33
[2026-04-03T02:54:30.642942+00:00] XRP/USD HTF trend not OK; skip entry.
[2026-04-03T02:54:30.670170+00:00] Heartbeat: equity=$100000.00, cash=$100000.00
[2026-04-03T02:54:45.950413+00:00] HTF trend BTC/USD: SMA50=66859.54, SMA200=67507.75
[2026-04-03T02:54:45.950836+00:00] BTC/USD HTF trend not OK; skip entry.
[2026-04-03T02:54:46.132374+00:00] HTF trend ETH/USD: SMA50=2057.78, SMA200=2090.7
[2026-04-03T02:54:46.132710+00:00] ETH/USD HTF trend not OK; skip entry.
[2026-04-03T02:54:46.292789+00:00] HTF trend SOL/USD: SMA50=79.06, SMA200=81.02
[2026-04-03T02:54:46.293091+00:00] SOL/USD HTF trend not OK; skip entry.
[2026-04-03T02:54:46.461768+00:00] HTF trend DOGE/USD: SMA50=0.09, SMA200=0.09
[2026-04-03T02:54:46.462093+00:00] DOGE/USD HTF trend not OK; skip entry.
[2026-04-03T02:54:46.613676+00:00] HTF trend AVAX/USD: SMA50=8.73, SMA200=8.93
[2026-04-03T02:54:46.614053+00:00] AVAX/USD HTF trend not OK; skip entry.
[2026-04-03T02:54:46.759497+00:00] HTF trend LINK/USD: SMA50=8.6, SMA200=8.76
[2026-04-03T02:54:46.759798+00:00] LINK/USD HTF trend not OK; skip entry.
[2026-04-03T02:54:46.896470+00:00] HTF trend ADA/USD: SMA50=0.24, SMA200=0.24
[2026-04-03T02:54:46.896763+00:00] ADA/USD HTF trend not OK; skip entry.
[2026-04-03T02:54:47.030136+00:00] HTF trend UNI/USD: SMA50=3.16, SMA200=3.42
[2026-04-03T02:54:47.030453+00:00] UNI/USD HTF trend not OK; skip entry.
[2026-04-03T02:54:47.132937+00:00] HTF trend LTC/USD: SMA50=52.08, SMA200=53.12
[2026-04-03T02:54:47.133311+00:00] LTC/USD HTF trend not OK; skip entry.
[2026-04-03T02:54:47.286353+00:00] HTF trend XRP/USD: SMA50=1.31, SMA200=1.33
[2026-04-03T02:54:47.286637+00:00] XRP/USD HTF trend not OK; skip entry.
[2026-04-03T02:54:47.320147+00:00] Heartbeat: equity=$100000.00, cash=$100000.00
[2026-04-03T02:55:02.574392+00:00] HTF trend BTC/USD: SMA50=66859.54, SMA200=67507.75
[2026-04-03T02:55:02.574749+00:00] BTC/USD HTF trend not OK; skip entry.
[2026-04-03T02:55:02.713446+00:00] HTF trend ETH/USD: SMA50=2057.78, SMA200=2090.7
[2026-04-03T02:55:02.713771+00:00] ETH/USD HTF trend not OK; skip entry.
[2026-04-03T02:55:02.848311+00:00] HTF trend SOL/USD: SMA50=79.06, SMA200=81.02
[2026-04-03T02:55:02.848643+00:00] SOL/USD HTF trend not OK; skip entry.
[2026-04-03T02:55:02.984611+00:00] HTF trend DOGE/USD: SMA50=0.09, SMA200=0.09
[2026-04-03T02:55:02.984928+00:00] DOGE/USD HTF trend not OK; skip entry.
[2026-04-03T02:55:03.114553+00:00] HTF trend AVAX/USD: SMA50=8.73, SMA200=8.93
[2026-04-03T02:55:03.114940+00:00] AVAX/USD HTF trend not OK; skip entry.
[2026-04-03T02:55:03.256906+00:00] HTF trend LINK/USD: SMA50=8.6, SMA200=8.76
[2026-04-03T02:55:03.257244+00:00] LINK/USD HTF trend not OK; skip entry.
[2026-04-03T02:55:03.377945+00:00] HTF trend ADA/USD: SMA50=0.24, SMA200=0.24
[2026-04-03T02:55:03.378287+00:00] ADA/USD HTF trend not OK; skip entry.
[2026-04-03T02:55:03.532446+00:00] HTF trend UNI/USD: SMA50=3.16, SMA200=3.42
[2026-04-03T02:55:03.532791+00:00] UNI/USD HTF trend not OK; skip entry.
[2026-04-03T02:55:03.663763+00:00] HTF trend LTC/USD: SMA50=52.08, SMA200=53.12
[2026-04-03T02:55:03.663983+00:00] LTC/USD HTF trend not OK; skip entry.
[2026-04-03T02:55:03.798780+00:00] HTF trend XRP/USD: SMA50=1.31, SMA200=1.33
[2026-04-03T02:55:03.799094+00:00] XRP/USD HTF trend not OK; skip entry.
[2026-04-03T02:55:03.827560+00:00] Heartbeat: equity=$100000.00, cash=$100000.00
[2026-04-03T02:55:19.086020+00:00] HTF trend BTC/USD: SMA50=66859.54, SMA200=67507.75
[2026-04-03T02:55:19.086308+00:00] BTC/USD HTF trend not OK; skip entry.
[2026-04-03T02:55:19.205750+00:00] HTF trend ETH/USD: SMA50=2057.78, SMA200=2090.7
[2026-04-03T02:55:19.206032+00:00] ETH/USD HTF trend not OK; skip entry.
[2026-04-03T02:55:19.357097+00:00] HTF trend SOL/USD: SMA50=79.06, SMA200=81.02
[2026-04-03T02:55:19.357392+00:00] SOL/USD HTF trend not OK; skip entry.
[2026-04-03T02:55:19.486502+00:00] HTF trend DOGE/USD: SMA50=0.09, SMA200=0.09
[2026-04-03T02:55:19.486803+00:00] DOGE/USD HTF trend not OK; skip entry.
[2026-04-03T02:55:19.604697+00:00] HTF trend AVAX/USD: SMA50=8.73, SMA200=8.93
[2026-04-03T02:55:19.605013+00:00] AVAX/USD HTF trend not OK; skip entry.
[2026-04-03T02:55:19.751576+00:00] HTF trend LINK/USD: SMA50=8.6, SMA200=8.76
[2026-04-03T02:55:19.751869+00:00] LINK/USD HTF trend not OK; skip entry.
[2026-04-03T02:55:19.882273+00:00] HTF trend ADA/USD: SMA50=0.24, SMA200=0.24
[2026-04-03T02:55:19.882724+00:00] ADA/USD HTF trend not OK; skip entry.
[2026-04-03T02:55:20.007402+00:00] HTF trend UNI/USD: SMA50=3.16, SMA200=3.42
[2026-04-03T02:55:20.007711+00:00] UNI/USD HTF trend not OK; skip entry.
[2026-04-03T02:55:20.141324+00:00] HTF trend LTC/USD: SMA50=52.08, SMA200=53.12
[2026-04-03T02:55:20.141568+00:00] LTC/USD HTF trend not OK; skip entry.
[2026-04-03T02:55:20.268843+00:00] HTF trend XRP/USD: SMA50=1.31, SMA200=1.33
[2026-04-03T02:55:20.269054+00:00] XRP/USD HTF trend not OK; skip entry.
[2026-04-03T02:55:20.297923+00:00] Heartbeat: equity=$100000.00, cash=$100000.00
[2026-04-03T02:55:35.685959+00:00] HTF trend BTC/USD: SMA50=66859.54, SMA200=67507.75
[2026-04-03T02:55:35.686325+00:00] BTC/USD HTF trend not OK; skip entry.
[2026-04-03T02:55:35.935352+00:00] HTF trend ETH/USD: SMA50=2057.78, SMA200=2090.7
[2026-04-03T02:55:35.935730+00:00] ETH/USD HTF trend not OK; skip entry.
[2026-04-03T02:55:36.168564+00:00] HTF trend SOL/USD: SMA50=79.06, SMA200=81.02
[2026-04-03T02:55:36.168900+00:00] SOL/USD HTF trend not OK; skip entry.
[2026-04-03T02:55:36.448474+00:00] HTF trend DOGE/USD: SMA50=0.09, SMA200=0.09
[2026-04-03T02:55:36.448796+00:00] DOGE/USD HTF trend not OK; skip entry.
[2026-04-03T02:55:36.667090+00:00] HTF trend AVAX/USD: SMA50=8.73, SMA200=8.93
[2026-04-03T02:55:36.667386+00:00] AVAX/USD HTF trend not OK; skip entry.
[2026-04-03T02:55:36.914669+00:00] HTF trend LINK/USD: SMA50=8.6, SMA200=8.76
[2026-04-03T02:55:36.915021+00:00] LINK/USD HTF trend not OK; skip entry.
[2026-04-03T02:55:37.161047+00:00] HTF trend ADA/USD: SMA50=0.24, SMA200=0.24
[2026-04-03T02:55:37.161412+00:00] ADA/USD HTF trend not OK; skip entry.
[2026-04-03T02:55:37.288625+00:00] HTF trend UNI/USD: SMA50=3.16, SMA200=3.42
[2026-04-03T02:55:37.289021+00:00] UNI/USD HTF trend not OK; skip entry.
[2026-04-03T02:55:37.408473+00:00] HTF trend LTC/USD: SMA50=52.08, SMA200=53.12
[2026-04-03T02:55:37.408797+00:00] LTC/USD HTF trend not OK; skip entry.
[2026-04-03T02:55:37.525029+00:00] HTF trend XRP/USD: SMA50=1.31, SMA200=1.33
[2026-04-03T02:55:37.525380+00:00] XRP/USD HTF trend not OK; skip entry.
[2026-04-03T02:55:37.559662+00:00] Heartbeat: equity=$100000.00, cash=$100000.00
[2026-04-03T02:55:52.809352+00:00] HTF trend BTC/USD: SMA50=66859.54, SMA200=67507.75
[2026-04-03T02:55:52.809689+00:00] BTC/USD HTF trend not OK; skip entry.
[2026-04-03T02:55:52.963128+00:00] HTF trend ETH/USD: SMA50=2057.78, SMA200=2090.7
[2026-04-03T02:55:52.963468+00:00] ETH/USD HTF trend not OK; skip entry.
[2026-04-03T02:55:53.107522+00:00] HTF trend SOL/USD: SMA50=79.06, SMA200=81.02
[2026-04-03T02:55:53.107830+00:00] SOL/USD HTF trend not OK; skip entry.
[2026-04-03T02:55:53.226436+00:00] HTF trend DOGE/USD: SMA50=0.09, SMA200=0.09
[2026-04-03T02:55:53.226753+00:00] DOGE/USD HTF trend not OK; skip entry.
[2026-04-03T02:55:53.344662+00:00] HTF trend AVAX/USD: SMA50=8.73, SMA200=8.93
[2026-04-03T02:55:53.344990+00:00] AVAX/USD HTF trend not OK; skip entry.
[2026-04-03T02:55:53.474624+00:00] HTF trend LINK/USD: SMA50=8.6, SMA200=8.76
[2026-04-03T02:55:53.474996+00:00] LINK/USD HTF trend not OK; skip entry.
[2026-04-03T02:55:53.627305+00:00] HTF trend ADA/USD: SMA50=0.24, SMA200=0.24
[2026-04-03T02:55:53.627857+00:00] ADA/USD HTF trend not OK; skip entry.
[2026-04-03T02:55:53.757916+00:00] HTF trend UNI/USD: SMA50=3.16, SMA200=3.42
[2026-04-03T02:55:53.758246+00:00] UNI/USD HTF trend not OK; skip entry.
[2026-04-03T02:55:53.914296+00:00] HTF trend LTC/USD: SMA50=52.08, SMA200=53.12
[2026-04-03T02:55:53.914661+00:00] LTC/USD HTF trend not OK; skip entry.
[2026-04-03T02:55:54.028077+00:00] HTF trend XRP/USD: SMA50=1.31, SMA200=1.33
[2026-04-03T02:55:54.028418+00:00] XRP/USD HTF trend not OK; skip entry.
[2026-04-03T02:55:54.058881+00:00] Heartbeat: equity=$100000.00, cash=$100000.00
[2026-04-03T02:56:09.309484+00:00] HTF trend BTC/USD: SMA50=66859.54, SMA200=67507.75
[2026-04-03T02:56:09.309858+00:00] BTC/USD HTF trend not OK; skip entry.
[2026-04-03T02:56:09.429661+00:00] HTF trend ETH/USD: SMA50=2057.78, SMA200=2090.7
[2026-04-03T02:56:09.429997+00:00] ETH/USD HTF trend not OK; skip entry.
[2026-04-03T02:56:09.537548+00:00] HTF trend SOL/USD: SMA50=79.06, SMA200=81.02
[2026-04-03T02:56:09.537917+00:00] SOL/USD HTF trend not OK; skip entry.
[2026-04-03T02:56:09.664033+00:00] HTF trend DOGE/USD: SMA50=0.09, SMA200=0.09
[2026-04-03T02:56:09.664343+00:00] DOGE/USD HTF trend not OK; skip entry.
[2026-04-03T02:56:09.785896+00:00] HTF trend AVAX/USD: SMA50=8.73, SMA200=8.93
[2026-04-03T02:56:09.786204+00:00] AVAX/USD HTF trend not OK; skip entry.
[2026-04-03T02:56:09.919240+00:00] HTF trend LINK/USD: SMA50=8.6, SMA200=8.76
[2026-04-03T02:56:09.919443+00:00] LINK/USD HTF trend not OK; skip entry.
[2026-04-03T02:56:10.079803+00:00] HTF trend ADA/USD: SMA50=0.24, SMA200=0.24
[2026-04-03T02:56:10.080108+00:00] ADA/USD HTF trend not OK; skip entry.
[2026-04-03T02:56:10.246751+00:00] HTF trend UNI/USD: SMA50=3.16, SMA200=3.42
[2026-04-03T02:56:10.247096+00:00] UNI/USD HTF trend not OK; skip entry.
[2026-04-03T02:56:10.373044+00:00] HTF trend LTC/USD: SMA50=52.08, SMA200=53.12
[2026-04-03T02:56:10.373362+00:00] LTC/USD HTF trend not OK; skip entry.
[2026-04-03T02:56:10.508304+00:00] HTF trend XRP/USD: SMA50=1.31, SMA200=1.33
[2026-04-03T02:56:10.508711+00:00] XRP/USD HTF trend not OK; skip entry.
[2026-04-03T02:56:10.535959+00:00] Heartbeat: equity=$100000.00, cash=$100000.00
[2026-04-03T02:56:25.764691+00:00] HTF trend BTC/USD: SMA50=66859.54, SMA200=67507.75
[2026-04-03T02:56:25.765041+00:00] BTC/USD HTF trend not OK; skip entry.
[2026-04-03T02:56:25.903662+00:00] HTF trend ETH/USD: SMA50=2057.78, SMA200=2090.7
[2026-04-03T02:56:25.903960+00:00] ETH/USD HTF trend not OK; skip entry.
[2026-04-03T02:56:26.053033+00:00] HTF trend SOL/USD: SMA50=79.06, SMA200=81.02
[2026-04-03T02:56:26.053300+00:00] SOL/USD HTF trend not OK; skip entry.
[2026-04-03T02:56:26.174561+00:00] HTF trend DOGE/USD: SMA50=0.09, SMA200=0.09
[2026-04-03T02:56:26.174899+00:00] DOGE/USD HTF trend not OK; skip entry.
[2026-04-03T02:56:26.277600+00:00] HTF trend AVAX/USD: SMA50=8.73, SMA200=8.93
[2026-04-03T02:56:26.278452+00:00] AVAX/USD HTF trend not OK; skip entry.
[2026-04-03T02:56:26.403505+00:00] HTF trend LINK/USD: SMA50=8.6, SMA200=8.76
[2026-04-03T02:56:26.403826+00:00] LINK/USD HTF trend not OK; skip entry.
[2026-04-03T02:56:26.555316+00:00] HTF trend ADA/USD: SMA50=0.24, SMA200=0.24
[2026-04-03T02:56:26.555709+00:00] ADA/USD HTF trend not OK; skip entry.
[2026-04-03T02:56:26.668152+00:00] HTF trend UNI/USD: SMA50=3.16, SMA200=3.42
[2026-04-03T02:56:26.668469+00:00] UNI/USD HTF trend not OK; skip entry.
[2026-04-03T02:56:26.777480+00:00] HTF trend LTC/USD: SMA50=52.08, SMA200=53.12
[2026-04-03T02:56:26.777779+00:00] LTC/USD HTF trend not OK; skip entry.
[2026-04-03T02:56:26.891734+00:00] HTF trend XRP/USD: SMA50=1.31, SMA200=1.33
[2026-04-03T02:56:26.892032+00:00] XRP/USD HTF trend not OK; skip entry.
[2026-04-03T02:56:26.919896+00:00] Heartbeat: equity=$100000.00, cash=$100000.00
[2026-04-03T02:56:42.203899+00:00] HTF trend BTC/USD: SMA50=66859.54, SMA200=67507.75
[2026-04-03T02:56:42.204210+00:00] BTC/USD HTF trend not OK; skip entry.
[2026-04-03T02:56:42.365224+00:00] HTF trend ETH/USD: SMA50=2057.78, SMA200=2090.7
[2026-04-03T02:56:42.365506+00:00] ETH/USD HTF trend not OK; skip entry.
[2026-04-03T02:56:42.504465+00:00] HTF trend SOL/USD: SMA50=79.06, SMA200=81.02
[2026-04-03T02:56:42.504750+00:00] SOL/USD HTF trend not OK; skip entry.
[2026-04-03T02:56:42.630617+00:00] HTF trend DOGE/USD: SMA50=0.09, SMA200=0.09
[2026-04-03T02:56:42.630923+00:00] DOGE/USD HTF trend not OK; skip entry.
[2026-04-03T02:56:42.762965+00:00] HTF trend AVAX/USD: SMA50=8.73, SMA200=8.93
[2026-04-03T02:56:42.763227+00:00] AVAX/USD HTF trend not OK; skip entry.
[2026-04-03T02:56:42.899981+00:00] HTF trend LINK/USD: SMA50=8.6, SMA200=8.76
[2026-04-03T02:56:42.900309+00:00] LINK/USD HTF trend not OK; skip entry.
[2026-04-03T02:56:43.008747+00:00] HTF trend ADA/USD: SMA50=0.24, SMA200=0.24
[2026-04-03T02:56:43.009061+00:00] ADA/USD HTF trend not OK; skip entry.
[2026-04-03T02:56:43.135688+00:00] HTF trend UNI/USD: SMA50=3.16, SMA200=3.42
[2026-04-03T02:56:43.136027+00:00] UNI/USD HTF trend not OK; skip entry.
[2026-04-03T02:56:43.250078+00:00] HTF trend LTC/USD: SMA50=52.08, SMA200=53.12
[2026-04-03T02:56:43.250337+00:00] LTC/USD HTF trend not OK; skip entry.
[2026-04-03T02:56:43.403102+00:00] HTF trend XRP/USD: SMA50=1.31, SMA200=1.33
[2026-04-03T02:56:43.403459+00:00] XRP/USD HTF trend not OK; skip entry.
[2026-04-03T02:56:43.429677+00:00] Heartbeat: equity=$100000.00, cash=$100000.00
